=== METRICAS ===
{
  "total_detalles": 1430,
  "sin_descripcion": 0,
  "descripcion_igual_codigo": 486,
  "sin_vencimiento_detalle": 250,
  "sin_um_detalle": 66,
  "sin_cantidad": 0
}

=== CODIGOS DUPLICADOS (TOP 30) ===
[
  {
    "codigo": "HC-C3B-30-D",
    "repeticiones": 52
  },
  {
    "codigo": "HC-C3B-15-D",
    "repeticiones": 22
  },
  {
    "codigo": "OB1310T",
    "repeticiones": 15
  },
  {
    "codigo": "OB0810T",
    "repeticiones": 14
  },
  {
    "codigo": "53610002",
    "repeticiones": 13
  },
  {
    "codigo": "7521-13",
    "repeticiones": 13
  },
  {
    "codigo": "OB1110T",
    "repeticiones": 13
  },
  {
    "codigo": "HC-C3B-10-D",
    "repeticiones": 12
  },
  {
    "codigo": "HC-DBM-P1",
    "repeticiones": 12
  },
  {
    "codigo": "HC-DBM-P2.5",
    "repeticiones": 12
  },
  {
    "codigo": "HC-DBM-P5",
    "repeticiones": 12
  },
  {
    "codigo": "VLDC",
    "repeticiones": 12
  },
  {
    "codigo": "11510005",
    "repeticiones": 11
  },
  {
    "codigo": "FGTZ250020",
    "repeticiones": 11
  },
  {
    "codigo": "HPC480E",
    "repeticiones": 11
  },
  {
    "codigo": "MTV2040",
    "repeticiones": 11
  },
  {
    "codigo": "11510002",
    "repeticiones": 10
  },
  {
    "codigo": "41300150",
    "repeticiones": 10
  },
  {
    "codigo": "41350150",
    "repeticiones": 10
  },
  {
    "codigo": "53610009",
    "repeticiones": 10
  },
  {
    "codigo": "BM-BID-I30",
    "repeticiones": 10
  },
  {
    "codigo": "BM-BID-II30A",
    "repeticiones": 10
  },
  {
    "codigo": "EVF22524",
    "repeticiones": 10
  },
  {
    "codigo": "EVF25019",
    "repeticiones": 10
  },
  {
    "codigo": "FGTZ225028",
    "repeticiones": 10
  },
  {
    "codigo": "MTV1840",
    "repeticiones": 10
  },
  {
    "codigo": "MTV2340",
    "repeticiones": 10
  },
  {
    "codigo": "MTV2540",
    "repeticiones": 10
  },
  {
    "codigo": "MVL215",
    "repeticiones": 10
  },
  {
    "codigo": "MVL230",
    "repeticiones": 10
  }
]

=== MUESTRA PROBLEMAS (40) ===
[
  {
    "id": 5228,
    "producto_id": 4019,
    "codigo": "VLDC",
    "descripcion": "TRANSCATHETER HEART VALVE CRIMPING TOOL (STERILE) X 01 UND",
    "lote_numero": "PVLDCK38",
    "fecha_vencimiento": null,
    "um": "UND",
    "fabricante": "MERIL LIFE SCIENCES PVT LTD.",
    "cantidad": "35.00",
    "cantidad_total": "35.00"
  },
  {
    "id": 5227,
    "producto_id": 5508,
    "codigo": "NVT24530",
    "descripcion": "NVT24530",
    "lote_numero": "PMTDF74",
    "fecha_vencimiento": "2027-09-30T05:00:00.000Z",
    "um": "UND",
    "fabricante": null,
    "cantidad": "1.00",
    "cantidad_total": "1.00"
  },
  {
    "id": 5226,
    "producto_id": 5507,
    "codigo": "NVT23030",
    "descripcion": "NVT23030",
    "lote_numero": "PMTDF67",
    "fecha_vencimiento": "2027-09-17T05:00:00.000Z",
    "um": "UND",
    "fabricante": null,
    "cantidad": "1.00",
    "cantidad_total": "1.00"
  },
  {
    "id": 5225,
    "producto_id": 5500,
    "codigo": "MVL245",
    "descripcion": "MVL245",
    "lote_numero": "MVC27",
    "fecha_vencimiento": "2027-12-23T05:00:00.000Z",
    "um": "UND",
    "fabricante": null,
    "cantidad": "1.00",
    "cantidad_total": "1.00"
  },
  {
    "id": 5224,
    "producto_id": 5499,
    "codigo": "MVL230",
    "descripcion": "MVL230",
    "lote_numero": "MVC16",
    "fecha_vencimiento": "2027-06-10T05:00:00.000Z",
    "um": "UND",
    "fabricante": null,
    "cantidad": "1.00",
    "cantidad_total": "1.00"
  },
  {
    "id": 5223,
    "producto_id": 5511,
    "codigo": "NVT29030",
    "descripcion": "NVT29030",
    "lote_numero": "PMTDF57",
    "fecha_vencimiento": "2027-07-21T05:00:00.000Z",
    "um": "UND",
    "fabricante": null,
    "cantidad": "1.00",
    "cantidad_total": "1.00"
  },
  {
    "id": 5220,
    "producto_id": 5466,
    "codigo": "EVF40016",
    "descripcion": "EVF40016",
    "lote_numero": "EFH56",
    "fecha_vencimiento": "2028-11-14T05:00:00.000Z",
    "um": "UND",
    "fabricante": null,
    "cantidad": "1.00",
    "cantidad_total": "1.00"
  },
  {
    "id": 5219,
    "producto_id": 5465,
    "codigo": "EVF40013",
    "descripcion": "EVF40013",
    "lote_numero": "EFH48",
    "fecha_vencimiento": "2028-04-10T05:00:00.000Z",
    "um": "UND",
    "fabricante": null,
    "cantidad": "1.00",
    "cantidad_total": "1.00"
  },
  {
    "id": 5218,
    "producto_id": 5464,
    "codigo": "EVF35032",
    "descripcion": "EVF35032",
    "lote_numero": "EFH41",
    "fecha_vencimiento": "2028-09-27T05:00:00.000Z",
    "um": "UND",
    "fabricante": null,
    "cantidad": "1.00",
    "cantidad_total": "1.00"
  },
  {
    "id": 5217,
    "producto_id": 5463,
    "codigo": "EVF35029",
    "descripcion": "EVF35029",
    "lote_numero": "EFH64",
    "fecha_vencimiento": "2028-11-18T05:00:00.000Z",
    "um": "UND",
    "fabricante": null,
    "cantidad": "1.00",
    "cantidad_total": "1.00"
  },
  {
    "id": 5216,
    "producto_id": 5462,
    "codigo": "EVF35024",
    "descripcion": "EVF35024",
    "lote_numero": "EFH62",
    "fecha_vencimiento": "2028-11-17T05:00:00.000Z",
    "um": "UND",
    "fabricante": null,
    "cantidad": "1.00",
    "cantidad_total": "1.00"
  },
  {
    "id": 5215,
    "producto_id": 5461,
    "codigo": "EVF35019",
    "descripcion": "EVF35019",
    "lote_numero": "EFH26",
    "fecha_vencimiento": "2028-07-25T05:00:00.000Z",
    "um": "UND",
    "fabricante": null,
    "cantidad": "1.00",
    "cantidad_total": "1.00"
  },
  {
    "id": 5214,
    "producto_id": 5460,
    "codigo": "EVF35016",
    "descripcion": "EVF35016",
    "lote_numero": "EFH63",
    "fecha_vencimiento": "2028-11-17T05:00:00.000Z",
    "um": "UND",
    "fabricante": null,
    "cantidad": "1.00",
    "cantidad_total": "1.00"
  },
  {
    "id": 5213,
    "producto_id": 5459,
    "codigo": "EVF35013",
    "descripcion": "EVF35013",
    "lote_numero": "EFH45",
    "fecha_vencimiento": "2028-01-10T05:00:00.000Z",
    "um": "UND",
    "fabricante": null,
    "cantidad": "1.00",
    "cantidad_total": "1.00"
  },
  {
    "id": 5212,
    "producto_id": 5458,
    "codigo": "EVF30040",
    "descripcion": "EVF30040",
    "lote_numero": "EFH45",
    "fecha_vencimiento": "2028-01-10T05:00:00.000Z",
    "um": "UND",
    "fabricante": null,
    "cantidad": "1.00",
    "cantidad_total": "1.00"
  },
  {
    "id": 5211,
    "producto_id": 5457,
    "codigo": "EVF30032",
    "descripcion": "EVF30032",
    "lote_numero": "EFH63",
    "fecha_vencimiento": "2028-11-17T05:00:00.000Z",
    "um": "UND",
    "fabricante": null,
    "cantidad": "1.00",
    "cantidad_total": "1.00"
  },
  {
    "id": 5210,
    "producto_id": 5455,
    "codigo": "EVF30024",
    "descripcion": "EVF30024",
    "lote_numero": "EFH47",
    "fecha_vencimiento": "2028-04-10T05:00:00.000Z",
    "um": "UND",
    "fabricante": null,
    "cantidad": "1.00",
    "cantidad_total": "1.00"
  },
  {
    "id": 5209,
    "producto_id": 5454,
    "codigo": "EVF30019",
    "descripcion": "EVF30019",
    "lote_numero": "EFH60",
    "fecha_vencimiento": "2028-11-15T05:00:00.000Z",
    "um": "UND",
    "fabricante": null,
    "cantidad": "1.00",
    "cantidad_total": "1.00"
  },
  {
    "id": 5208,
    "producto_id": 5453,
    "codigo": "EVF30016",
    "descripcion": "EVF30016",
    "lote_numero": "EFH44",
    "fecha_vencimiento": "2028-01-10T05:00:00.000Z",
    "um": "UND",
    "fabricante": null,
    "cantidad": "1.00",
    "cantidad_total": "1.00"
  },
  {
    "id": 5207,
    "producto_id": 5452,
    "codigo": "EVF30013",
    "descripcion": "EVF30013",
    "lote_numero": "EFH40",
    "fecha_vencimiento": "2028-09-25T05:00:00.000Z",
    "um": "UND",
    "fabricante": null,
    "cantidad": "1.00",
    "cantidad_total": "1.00"
  },
  {
    "id": 5205,
    "producto_id": 5451,
    "codigo": "EVF27532",
    "descripcion": "EVF27532",
    "lote_numero": "EFH50",
    "fecha_vencimiento": "2028-10-13T05:00:00.000Z",
    "um": "UND",
    "fabricante": null,
    "cantidad": "1.00",
    "cantidad_total": "1.00"
  },
  {
    "id": 5204,
    "producto_id": 5450,
    "codigo": "EVF27529",
    "descripcion": "EVF27529",
    "lote_numero": "EFH44",
    "fecha_vencimiento": "2028-01-10T05:00:00.000Z",
    "um": "UND",
    "fabricante": null,
    "cantidad": "1.00",
    "cantidad_total": "1.00"
  },
  {
    "id": 5203,
    "producto_id": 5449,
    "codigo": "EVF27524",
    "descripcion": "EVF27524",
    "lote_numero": "EFH59",
    "fecha_vencimiento": "2028-11-14T05:00:00.000Z",
    "um": "UND",
    "fabricante": null,
    "cantidad": "1.00",
    "cantidad_total": "1.00"
  },
  {
    "id": 5202,
    "producto_id": 5448,
    "codigo": "EVF27519",
    "descripcion": "EVF27519",
    "lote_numero": "EFH59",
    "fecha_vencimiento": "2028-11-14T05:00:00.000Z",
    "um": "UND",
    "fabricante": null,
    "cantidad": "1.00",
    "cantidad_total": "1.00"
  },
  {
    "id": 5201,
    "producto_id": 5447,
    "codigo": "EVF27516",
    "descripcion": "EVF27516",
    "lote_numero": "EFH43",
    "fecha_vencimiento": "2028-09-30T05:00:00.000Z",
    "um": "UND",
    "fabricante": null,
    "cantidad": "1.00",
    "cantidad_total": "1.00"
  },
  {
    "id": 5200,
    "producto_id": 5446,
    "codigo": "EVF27513",
    "descripcion": "EVF27513",
    "lote_numero": "EFH43",
    "fecha_vencimiento": "2028-09-30T05:00:00.000Z",
    "um": "UND",
    "fabricante": null,
    "cantidad": "1.00",
    "cantidad_total": "1.00"
  },
  {
    "id": 5199,
    "producto_id": 5445,
    "codigo": "EVF25032",
    "descripcion": "EVF25032",
    "lote_numero": "EFH39",
    "fecha_vencimiento": "2028-09-26T05:00:00.000Z",
    "um": "UND",
    "fabricante": null,
    "cantidad": "1.00",
    "cantidad_total": "1.00"
  },
  {
    "id": 5198,
    "producto_id": 5444,
    "codigo": "EVF25029",
    "descripcion": "EVF25029",
    "lote_numero": "EFH10",
    "fecha_vencimiento": "2028-06-30T05:00:00.000Z",
    "um": "UND",
    "fabricante": null,
    "cantidad": "1.00",
    "cantidad_total": "1.00"
  },
  {
    "id": 5197,
    "producto_id": 5443,
    "codigo": "EVF25024",
    "descripcion": "EVF25024",
    "lote_numero": "EFH45",
    "fecha_vencimiento": "2028-01-10T05:00:00.000Z",
    "um": "UND",
    "fabricante": null,
    "cantidad": "1.00",
    "cantidad_total": "1.00"
  },
  {
    "id": 5196,
    "producto_id": 5442,
    "codigo": "EVF25019",
    "descripcion": "EVF25019",
    "lote_numero": "EFH23",
    "fecha_vencimiento": "2028-07-24T05:00:00.000Z",
    "um": "UND",
    "fabricante": null,
    "cantidad": "1.00",
    "cantidad_total": "1.00"
  },
  {
    "id": 5195,
    "producto_id": 5441,
    "codigo": "EVF25016",
    "descripcion": "EVF25016",
    "lote_numero": "EFG94",
    "fecha_vencimiento": "2028-06-14T05:00:00.000Z",
    "um": "UND",
    "fabricante": null,
    "cantidad": "1.00",
    "cantidad_total": "1.00"
  },
  {
    "id": 5194,
    "producto_id": 5440,
    "codigo": "EVF25013",
    "descripcion": "EVF25013",
    "lote_numero": "EFH17",
    "fecha_vencimiento": "2028-10-07T05:00:00.000Z",
    "um": "UND",
    "fabricante": null,
    "cantidad": "1.00",
    "cantidad_total": "1.00"
  },
  {
    "id": 5192,
    "producto_id": 5439,
    "codigo": "EVF22532",
    "descripcion": "EVF22532",
    "lote_numero": "EFH06",
    "fecha_vencimiento": "2028-06-27T05:00:00.000Z",
    "um": "UND",
    "fabricante": null,
    "cantidad": "1.00",
    "cantidad_total": "1.00"
  },
  {
    "id": 5190,
    "producto_id": 5438,
    "codigo": "EVF22524",
    "descripcion": "EVF22524",
    "lote_numero": "EFH06",
    "fecha_vencimiento": "2028-06-27T05:00:00.000Z",
    "um": "UND",
    "fabricante": null,
    "cantidad": "1.00",
    "cantidad_total": "1.00"
  },
  {
    "id": 5187,
    "producto_id": 5437,
    "codigo": "EVF22513",
    "descripcion": "EVF22513",
    "lote_numero": "EFH14",
    "fecha_vencimiento": "2028-07-05T05:00:00.000Z",
    "um": "UND",
    "fabricante": null,
    "cantidad": "1.00",
    "cantidad_total": "1.00"
  },
  {
    "id": 5186,
    "producto_id": 5435,
    "codigo": "BM-BID-II30A",
    "descripcion": "BM-BID-II30A",
    "lote_numero": "2510227462",
    "fecha_vencimiento": "2028-10-21T05:00:00.000Z",
    "um": "UND",
    "fabricante": null,
    "cantidad": "8.00",
    "cantidad_total": "8.00"
  },
  {
    "id": 5185,
    "producto_id": 5520,
    "codigo": "PHR6F11021PW",
    "descripcion": "PHR6F11021PW",
    "lote_numero": "H3247331",
    "fecha_vencimiento": "2028-02-28T05:00:00.000Z",
    "um": "UND",
    "fabricante": null,
    "cantidad": "1.00",
    "cantidad_total": "1.00"
  },
  {
    "id": 5184,
    "producto_id": 5519,
    "codigo": "PHR5F11021PW",
    "descripcion": "PHR5F11021PW",
    "lote_numero": "H2735360",
    "fecha_vencimiento": "2026-04-08T05:00:00.000Z",
    "um": "UND",
    "fabricante": null,
    "cantidad": "1.00",
    "cantidad_total": "1.00"
  },
  {
    "id": 5183,
    "producto_id": 5432,
    "codigo": "7521-13",
    "descripcion": "7521-13",
    "lote_numero": "I3304488",
    "fecha_vencimiento": "2028-08-18T05:00:00.000Z",
    "um": "UND",
    "fabricante": null,
    "cantidad": "6.00",
    "cantidad_total": "6.00"
  },
  {
    "id": 5181,
    "producto_id": 5479,
    "codigo": "FGTZ275024",
    "descripcion": "FGTZ275024",
    "lote_numero": "S25TZAMAAB",
    "fecha_vencimiento": "2027-05-31T05:00:00.000Z",
    "um": "UND",
    "fabricante": null,
    "cantidad": "1.00",
    "cantidad_total": "1.00"
  }
]
